<?xml version="1.0" encoding="UTF-8"?>
<!-- Generated by org.testng.reporters.JUnitReportReporter -->
<testsuite hostname="DESKTOP-U2D6VLC" failures="0" tests="1" name="functionality.practice" time="30.371" errors="0" timestamp="14 Jan 2022 12:42:48 GMT">
  <testcase classname="functionality.practice" name="resgistration" time="30.371"/>
</testsuite> <!-- functionality.practice -->
