<?xml version="1.0" encoding="UTF-8"?>
<!-- Generated by org.testng.reporters.JUnitReportReporter -->
<testsuite hostname="DESKTOP-U2D6VLC" failures="0" tests="1" name="functionality.Login" time="66.283" errors="0" timestamp="17 Jan 2022 09:50:04 GMT">
  <testcase classname="functionality.Login" name="login" time="66.283"/>
</testsuite> <!-- functionality.Login -->
